Release 14.7 - ngc2edif P.20131013 (lin64)
Copyright (c) 1995-2013 Xilinx, Inc.  All rights reserved.
Reading design mojo_top.ngc ...
WARNING:NetListWriters:298 - No output is written to mojo_top.xncf, ignored.
Processing design ...
   Preping design's networks ...
   Preping design's macros ...
  finished :Prep
Writing EDIF netlist file mojo_top.edif ...
ngc2edif: Total memory usage is 103608 kilobytes

Release 14.7 - ngc2edif P.20131013 (lin64)
Copyright (c) 1995-2013 Xilinx, Inc.  All rights reserved.
Reading design mojo_top.ngc ...
WARNING:NetListWriters:298 - No output is written to mojo_top.xncf, ignored.
Processing design ...
   Preping design's networks ...
   Preping design's macros ...
  finished :Prep
Writing EDIF netlist file mojo_top.edif ...
ngc2edif: Total memory usage is 103608 kilobytes

Release 14.7 - ngc2edif P.20131013 (lin64)
Copyright (c) 1995-2013 Xilinx, Inc.  All rights reserved.
Reading design mojo_top.ngc ...
WARNING:NetListWriters:298 - No output is written to mojo_top.xncf, ignored.
Processing design ...
   Preping design's networks ...
   Preping design's macros ...
  finished :Prep
Writing EDIF netlist file mojo_top.edif ...
ngc2edif: Total memory usage is 103756 kilobytes

Release 14.7 - ngc2edif P.20131013 (lin64)
Copyright (c) 1995-2013 Xilinx, Inc.  All rights reserved.
Reading design mojo_top.ngc ...
WARNING:NetListWriters:298 - No output is written to mojo_top.xncf, ignored.
Processing design ...
   Preping design's networks ...
   Preping design's macros ...
  finished :Prep
Writing EDIF netlist file mojo_top.edif ...
ngc2edif: Total memory usage is 103756 kilobytes

Release 14.7 - ngc2edif P.20131013 (lin64)
Copyright (c) 1995-2013 Xilinx, Inc.  All rights reserved.
Reading design mojo_top.ngc ...
WARNING:NetListWriters:298 - No output is written to mojo_top.xncf, ignored.
Processing design ...
   Preping design's networks ...
   Preping design's macros ...
  finished :Prep
Writing EDIF netlist file mojo_top.edif ...
ngc2edif: Total memory usage is 103756 kilobytes

Release 14.7 - ngc2edif P.20131013 (lin64)
Copyright (c) 1995-2013 Xilinx, Inc.  All rights reserved.
Reading design mojo_top.ngc ...
WARNING:NetListWriters:298 - No output is written to mojo_top.xncf, ignored.
Processing design ...
   Preping design's networks ...
   Preping design's macros ...
  finished :Prep
Writing EDIF netlist file mojo_top.edif ...
ngc2edif: Total memory usage is 103756 kilobytes

Release 14.7 - ngc2edif P.20131013 (lin64)
Copyright (c) 1995-2013 Xilinx, Inc.  All rights reserved.
Reading design mojo_top.ngc ...
WARNING:NetListWriters:298 - No output is written to mojo_top.xncf, ignored.
Processing design ...
   Preping design's networks ...
   Preping design's macros ...
  finished :Prep
Writing EDIF netlist file mojo_top.edif ...
ngc2edif: Total memory usage is 103744 kilobytes

Release 14.7 - ngc2edif P.20131013 (lin64)
Copyright (c) 1995-2013 Xilinx, Inc.  All rights reserved.
Reading design mojo_top.ngc ...
WARNING:NetListWriters:298 - No output is written to mojo_top.xncf, ignored.
Processing design ...
   Preping design's networks ...
   Preping design's macros ...
  finished :Prep
Writing EDIF netlist file mojo_top.edif ...
ngc2edif: Total memory usage is 103608 kilobytes

Release 14.7 - ngc2edif P.20131013 (lin64)
Copyright (c) 1995-2013 Xilinx, Inc.  All rights reserved.
Reading design mojo_top.ngc ...
WARNING:NetListWriters:298 - No output is written to mojo_top.xncf, ignored.
Processing design ...
   Preping design's networks ...
   Preping design's macros ...
  finished :Prep
Writing EDIF netlist file mojo_top.edif ...
ngc2edif: Total memory usage is 103608 kilobytes

Release 14.7 - ngc2edif P.20131013 (lin64)
Copyright (c) 1995-2013 Xilinx, Inc.  All rights reserved.
Reading design mojo_top.ngc ...
WARNING:NetListWriters:298 - No output is written to mojo_top.xncf, ignored.
Processing design ...
   Preping design's networks ...
   Preping design's macros ...
  finished :Prep
Writing EDIF netlist file mojo_top.edif ...
ngc2edif: Total memory usage is 103604 kilobytes

Release 14.7 - ngc2edif P.20131013 (lin64)
Copyright (c) 1995-2013 Xilinx, Inc.  All rights reserved.
Reading design mojo_top.ngc ...
WARNING:NetListWriters:298 - No output is written to mojo_top.xncf, ignored.
Processing design ...
   Preping design's networks ...
   Preping design's macros ...
  finished :Prep
Writing EDIF netlist file mojo_top.edif ...
ngc2edif: Total memory usage is 103612 kilobytes

Release 14.7 - ngc2edif P.20131013 (lin64)
Copyright (c) 1995-2013 Xilinx, Inc.  All rights reserved.
Reading design mojo_top.ngc ...
WARNING:NetListWriters:298 - No output is written to mojo_top.xncf, ignored.
Processing design ...
   Preping design's networks ...
   Preping design's macros ...
  finished :Prep
Writing EDIF netlist file mojo_top.edif ...
ngc2edif: Total memory usage is 103604 kilobytes

Release 14.7 - ngc2edif P.20131013 (lin64)
Copyright (c) 1995-2013 Xilinx, Inc.  All rights reserved.
Reading design mojo_top.ngc ...
WARNING:NetListWriters:298 - No output is written to mojo_top.xncf, ignored.
Processing design ...
   Preping design's networks ...
   Preping design's macros ...
  finished :Prep
Writing EDIF netlist file mojo_top.edif ...
ngc2edif: Total memory usage is 103608 kilobytes

Release 14.7 - ngc2edif P.20131013 (lin64)
Copyright (c) 1995-2013 Xilinx, Inc.  All rights reserved.
Reading design mojo_top_0.ngc ...
WARNING:NetListWriters:298 - No output is written to mojo_top_0.xncf, ignored.
Processing design ...
   Preping design's networks ...
   Preping design's macros ...
  finished :Prep
Writing EDIF netlist file mojo_top_0.edif ...
ngc2edif: Total memory usage is 103616 kilobytes

Release 14.7 - ngc2edif P.20131013 (lin64)
Copyright (c) 1995-2013 Xilinx, Inc.  All rights reserved.
Reading design mojo_top_0.ngc ...
WARNING:NetListWriters:298 - No output is written to mojo_top_0.xncf, ignored.
Processing design ...
   Preping design's networks ...
   Preping design's macros ...
  finished :Prep
Writing EDIF netlist file mojo_top_0.edif ...
ngc2edif: Total memory usage is 103620 kilobytes

Release 14.7 - ngc2edif P.20131013 (lin64)
Copyright (c) 1995-2013 Xilinx, Inc.  All rights reserved.
Reading design mojo_top_0.ngc ...
WARNING:NetListWriters:298 - No output is written to mojo_top_0.xncf, ignored.
Processing design ...
   Preping design's networks ...
   Preping design's macros ...
  finished :Prep
Writing EDIF netlist file mojo_top_0.edif ...
ngc2edif: Total memory usage is 103612 kilobytes

Release 14.7 - ngc2edif P.20131013 (lin64)
Copyright (c) 1995-2013 Xilinx, Inc.  All rights reserved.
Reading design mojo_top_0.ngc ...
WARNING:NetListWriters:298 - No output is written to mojo_top_0.xncf, ignored.
Processing design ...
   Preping design's networks ...
   Preping design's macros ...
  finished :Prep
Writing EDIF netlist file mojo_top_0.edif ...
ngc2edif: Total memory usage is 103608 kilobytes

Release 14.7 - ngc2edif P.20131013 (lin64)
Copyright (c) 1995-2013 Xilinx, Inc.  All rights reserved.
Reading design mojo_top_0.ngc ...
WARNING:NetListWriters:298 - No output is written to mojo_top_0.xncf, ignored.
Processing design ...
   Preping design's networks ...
   Preping design's macros ...
  finished :Prep
Writing EDIF netlist file mojo_top_0.edif ...
ngc2edif: Total memory usage is 103616 kilobytes

Release 14.7 - ngc2edif P.20131013 (lin64)
Copyright (c) 1995-2013 Xilinx, Inc.  All rights reserved.
Reading design mojo_top_0.ngc ...
WARNING:NetListWriters:298 - No output is written to mojo_top_0.xncf, ignored.
Processing design ...
   Preping design's networks ...
   Preping design's macros ...
  finished :Prep
Writing EDIF netlist file mojo_top_0.edif ...
ngc2edif: Total memory usage is 103620 kilobytes

Release 14.7 - ngc2edif P.20131013 (lin64)
Copyright (c) 1995-2013 Xilinx, Inc.  All rights reserved.
Reading design mojo_top_0.ngc ...
WARNING:NetListWriters:298 - No output is written to mojo_top_0.xncf, ignored.
Processing design ...
   Preping design's networks ...
   Preping design's macros ...
  finished :Prep
Writing EDIF netlist file mojo_top_0.edif ...
ngc2edif: Total memory usage is 103616 kilobytes

Release 14.7 - ngc2edif P.20131013 (lin64)
Copyright (c) 1995-2013 Xilinx, Inc.  All rights reserved.
Reading design mojo_top_0.ngc ...
WARNING:NetListWriters:298 - No output is written to mojo_top_0.xncf, ignored.
Processing design ...
   Preping design's networks ...
   Preping design's macros ...
  finished :Prep
Writing EDIF netlist file mojo_top_0.edif ...
ngc2edif: Total memory usage is 103612 kilobytes

Release 14.7 - ngc2edif P.20131013 (lin64)
Copyright (c) 1995-2013 Xilinx, Inc.  All rights reserved.
Reading design mojo_top_0.ngc ...
WARNING:NetListWriters:298 - No output is written to mojo_top_0.xncf, ignored.
Processing design ...
   Preping design's networks ...
   Preping design's macros ...
  finished :Prep
Writing EDIF netlist file mojo_top_0.edif ...
ngc2edif: Total memory usage is 103624 kilobytes

Release 14.7 - ngc2edif P.20131013 (lin64)
Copyright (c) 1995-2013 Xilinx, Inc.  All rights reserved.
Reading design mojo_top_0.ngc ...
WARNING:NetListWriters:298 - No output is written to mojo_top_0.xncf, ignored.
Processing design ...
   Preping design's networks ...
   Preping design's macros ...
  finished :Prep
Writing EDIF netlist file mojo_top_0.edif ...
ngc2edif: Total memory usage is 103620 kilobytes

Release 14.7 - ngc2edif P.20131013 (lin64)
Copyright (c) 1995-2013 Xilinx, Inc.  All rights reserved.
Reading design mojo_top_0.ngc ...
WARNING:NetListWriters:298 - No output is written to mojo_top_0.xncf, ignored.
Processing design ...
   Preping design's networks ...
   Preping design's macros ...
  finished :Prep
Writing EDIF netlist file mojo_top_0.edif ...
ngc2edif: Total memory usage is 103616 kilobytes

Release 14.7 - ngc2edif P.20131013 (lin64)
Copyright (c) 1995-2013 Xilinx, Inc.  All rights reserved.
Reading design mojo_top_0.ngc ...
WARNING:NetListWriters:298 - No output is written to mojo_top_0.xncf, ignored.
Processing design ...
   Preping design's networks ...
   Preping design's macros ...
  finished :Prep
Writing EDIF netlist file mojo_top_0.edif ...
ngc2edif: Total memory usage is 103620 kilobytes

Release 14.7 - ngc2edif P.20131013 (lin64)
Copyright (c) 1995-2013 Xilinx, Inc.  All rights reserved.
Reading design mojo_top_0.ngc ...
WARNING:NetListWriters:298 - No output is written to mojo_top_0.xncf, ignored.
Processing design ...
   Preping design's networks ...
   Preping design's macros ...
  finished :Prep
Writing EDIF netlist file mojo_top_0.edif ...
ngc2edif: Total memory usage is 103624 kilobytes

Release 14.7 - ngc2edif P.20131013 (lin64)
Copyright (c) 1995-2013 Xilinx, Inc.  All rights reserved.
Reading design mojo_top_0.ngc ...
WARNING:NetListWriters:298 - No output is written to mojo_top_0.xncf, ignored.
Processing design ...
   Preping design's networks ...
   Preping design's macros ...
  finished :Prep
Writing EDIF netlist file mojo_top_0.edif ...
ngc2edif: Total memory usage is 103616 kilobytes

Release 14.7 - ngc2edif P.20131013 (lin64)
Copyright (c) 1995-2013 Xilinx, Inc.  All rights reserved.
Reading design mojo_top_0.ngc ...
WARNING:NetListWriters:298 - No output is written to mojo_top_0.xncf, ignored.
Processing design ...
   Preping design's networks ...
   Preping design's macros ...
  finished :Prep
Writing EDIF netlist file mojo_top_0.edif ...
ngc2edif: Total memory usage is 103768 kilobytes

Release 14.7 - ngc2edif P.20131013 (lin64)
Copyright (c) 1995-2013 Xilinx, Inc.  All rights reserved.
Reading design mojo_top_0.ngc ...
WARNING:NetListWriters:298 - No output is written to mojo_top_0.xncf, ignored.
Processing design ...
   Preping design's networks ...
   Preping design's macros ...
  finished :Prep
Writing EDIF netlist file mojo_top_0.edif ...
ngc2edif: Total memory usage is 103768 kilobytes

Release 14.7 - ngc2edif P.20131013 (lin64)
Copyright (c) 1995-2013 Xilinx, Inc.  All rights reserved.
Reading design mojo_top.ngc ...
WARNING:NetListWriters:298 - No output is written to mojo_top.xncf, ignored.
Processing design ...
   Preping design's networks ...
   Preping design's macros ...
  finished :Prep
Writing EDIF netlist file mojo_top.edif ...
ngc2edif: Total memory usage is 103604 kilobytes

Release 14.7 - ngc2edif P.20131013 (lin64)
Copyright (c) 1995-2013 Xilinx, Inc.  All rights reserved.
Reading design mojo_top.ngc ...
WARNING:NetListWriters:298 - No output is written to mojo_top.xncf, ignored.
Processing design ...
   Preping design's networks ...
   Preping design's macros ...
  finished :Prep
Writing EDIF netlist file mojo_top.edif ...
ngc2edif: Total memory usage is 103668 kilobytes

Release 14.7 - ngc2edif P.20131013 (lin64)
Copyright (c) 1995-2013 Xilinx, Inc.  All rights reserved.
Reading design mojo_top.ngc ...
WARNING:NetListWriters:298 - No output is written to mojo_top.xncf, ignored.
Processing design ...
   Preping design's networks ...
   Preping design's macros ...
  finished :Prep
Writing EDIF netlist file mojo_top.edif ...
ngc2edif: Total memory usage is 103668 kilobytes

Release 14.7 - ngc2edif P.20131013 (lin64)
Copyright (c) 1995-2013 Xilinx, Inc.  All rights reserved.
Reading design mojo_top.ngc ...
WARNING:NetListWriters:298 - No output is written to mojo_top.xncf, ignored.
Processing design ...
   Preping design's networks ...
   Preping design's macros ...
  finished :Prep
Writing EDIF netlist file mojo_top.edif ...
ngc2edif: Total memory usage is 103608 kilobytes

Release 14.7 - ngc2edif P.20131013 (lin64)
Copyright (c) 1995-2013 Xilinx, Inc.  All rights reserved.
Reading design mojo_top.ngc ...
WARNING:NetListWriters:298 - No output is written to mojo_top.xncf, ignored.
Processing design ...
   Preping design's networks ...
   Preping design's macros ...
  finished :Prep
Writing EDIF netlist file mojo_top.edif ...
ngc2edif: Total memory usage is 103616 kilobytes

Release 14.7 - ngc2edif P.20131013 (lin64)
Copyright (c) 1995-2013 Xilinx, Inc.  All rights reserved.
Reading design mojo_top.ngc ...
WARNING:NetListWriters:298 - No output is written to mojo_top.xncf, ignored.
Processing design ...
   Preping design's networks ...
   Preping design's macros ...
  finished :Prep
Writing EDIF netlist file mojo_top.edif ...
ngc2edif: Total memory usage is 103728 kilobytes

Release 14.7 - ngc2edif P.20131013 (lin64)
Copyright (c) 1995-2013 Xilinx, Inc.  All rights reserved.
Reading design mojo_top.ngc ...
WARNING:NetListWriters:298 - No output is written to mojo_top.xncf, ignored.
Processing design ...
   Preping design's networks ...
   Preping design's macros ...
  finished :Prep
Writing EDIF netlist file mojo_top.edif ...
ngc2edif: Total memory usage is 103728 kilobytes

Release 14.7 - ngc2edif P.20131013 (lin64)
Copyright (c) 1995-2013 Xilinx, Inc.  All rights reserved.
Reading design mojo_top.ngc ...
WARNING:NetListWriters:298 - No output is written to mojo_top.xncf, ignored.
Processing design ...
   Preping design's networks ...
   Preping design's macros ...
  finished :Prep
Writing EDIF netlist file mojo_top.edif ...
ngc2edif: Total memory usage is 103732 kilobytes

Release 14.7 - ngc2edif P.20131013 (lin64)
Copyright (c) 1995-2013 Xilinx, Inc.  All rights reserved.
Reading design mojo_top.ngc ...
WARNING:NetListWriters:298 - No output is written to mojo_top.xncf, ignored.
Processing design ...
   Preping design's networks ...
   Preping design's macros ...
  finished :Prep
Writing EDIF netlist file mojo_top.edif ...
ngc2edif: Total memory usage is 103648 kilobytes

Release 14.7 - ngc2edif P.20131013 (lin64)
Copyright (c) 1995-2013 Xilinx, Inc.  All rights reserved.
Reading design mojo_top.ngc ...
WARNING:NetListWriters:298 - No output is written to mojo_top.xncf, ignored.
Processing design ...
   Preping design's networks ...
   Preping design's macros ...
  finished :Prep
Writing EDIF netlist file mojo_top.edif ...
ngc2edif: Total memory usage is 103600 kilobytes

Release 14.7 - ngc2edif P.20131013 (lin64)
Copyright (c) 1995-2013 Xilinx, Inc.  All rights reserved.
Reading design mojo_top.ngc ...
WARNING:NetListWriters:298 - No output is written to mojo_top.xncf, ignored.
Processing design ...
   Preping design's networks ...
   Preping design's macros ...
  finished :Prep
Writing EDIF netlist file mojo_top.edif ...
ngc2edif: Total memory usage is 103732 kilobytes

Release 14.7 - ngc2edif P.20131013 (lin64)
Copyright (c) 1995-2013 Xilinx, Inc.  All rights reserved.
Reading design mojo_top.ngc ...
WARNING:NetListWriters:298 - No output is written to mojo_top.xncf, ignored.
Processing design ...
   Preping design's networks ...
   Preping design's macros ...
  finished :Prep
Writing EDIF netlist file mojo_top.edif ...
ngc2edif: Total memory usage is 103728 kilobytes

Release 14.7 - ngc2edif P.20131013 (lin64)
Copyright (c) 1995-2013 Xilinx, Inc.  All rights reserved.
Reading design mojo_top.ngc ...
WARNING:NetListWriters:298 - No output is written to mojo_top.xncf, ignored.
Processing design ...
   Preping design's networks ...
   Preping design's macros ...
  finished :Prep
Writing EDIF netlist file mojo_top.edif ...
ngc2edif: Total memory usage is 104108 kilobytes

